# JRE version: OpenJDK Runtime Environment (17.0.7) (build 17.0.7+0-b2043.56-10550314)
# Java VM: OpenJDK 64-Bit Server VM (17.0.7+0-b2043.56-10550314, mixed mode, tiered, compressed oops, compressed class ptrs, g1 gc, windows-amd64)
GC Precious Log:
 CPUs: 8 total, 8 available
 Memory: 7894M
 Large Page Support: Disabled
 NUMA Support: Disabled
 Compressed Oops: Enabled (32-bit)
 Heap Region Size: 1M
 Heap Min Capacity: 8M
 Heap Initial Capacity: 124M
 Heap Max Capacity: 2G
 Pre-touch: Disabled
 Parallel Workers: 8
 Concurrent Workers: 2
 Concurrent Refinement Workers: 8
 Periodic GC: Disabled
Heap:
 garbage-first heap   total 445440K, used 247385K [0x0000000080000000, 0x0000000100000000)
  region size 1024K, 10 young (10240K), 10 survivors (10240K)
 Metaspace       used 154323K, committed 155584K, reserved 1245184K
  class space    used 21350K, committed 21952K, reserved 1048576K
GC Heap History (20 events):
Event: 297.698 GC heap after
{Heap after GC invocations=77 (full 0):
 garbage-first heap   total 318464K, used 264192K [0x0000000080000000, 0x0000000100000000)
  region size 1024K, 3 young (3072K), 3 survivors (3072K)
 Metaspace       used 151155K, committed 152448K, reserved 1179648K
  class space    used 20996K, committed 21632K, reserved 1048576K
}
Event: 297.967 GC heap before
{Heap before GC invocations=77 (full 0):
 garbage-first heap   total 318464K, used 277504K [0x0000000080000000, 0x0000000100000000)
  region size 1024K, 16 young (16384K), 3 survivors (3072K)
 Metaspace       used 151887K, committed 153152K, reserved 1245184K
  class space    used 21091K, committed 21696K, reserved 1048576K
}
Event: 297.971 GC heap after
{Heap after GC invocations=78 (full 0):
 garbage-first heap   total 318464K, used 265426K [0x0000000080000000, 0x0000000100000000)
  region size 1024K, 2 young (2048K), 2 survivors (2048K)
 Metaspace       used 151887K, committed 153152K, reserved 1245184K
  class space    used 21091K, committed 21696K, reserved 1048576K
}
Event: 298.065 GC heap before
{Heap before GC invocations=78 (full 0):
 garbage-first heap   total 318464K, used 279762K [0x0000000080000000, 0x0000000100000000)
  region size 1024K, 15 young (15360K), 2 survivors (2048K)
 Metaspace       used 151928K, committed 153216K, reserved 1245184K
  class space    used 21093K, committed 21696K, reserved 1048576K
}
Event: 298.071 GC heap after
{Heap after GC invocations=79 (full 0):
 garbage-first heap   total 318464K, used 268857K [0x0000000080000000, 0x0000000100000000)
  region size 1024K, 2 young (2048K), 2 survivors (2048K)
 Metaspace       used 151928K, committed 153216K, reserved 1245184K
  class space    used 21093K, committed 21696K, reserved 1048576K
}
Event: 298.113 GC heap before
{Heap before GC invocations=79 (full 0):
 garbage-first heap   total 318464K, used 281145K [0x0000000080000000, 0x0000000100000000)
  region size 1024K, 15 young (15360K), 2 survivors (2048K)
 Metaspace       used 151941K, committed 153216K, reserved 1245184K
  class space    used 21093K, committed 21696K, reserved 1048576K
}
Event: 298.119 GC heap after
{Heap after GC invocations=80 (full 0):
 garbage-first heap   total 318464K, used 274114K [0x0000000080000000, 0x0000000100000000)
  region size 1024K, 2 young (2048K), 2 survivors (2048K)
 Metaspace       used 151941K, committed 153216K, reserved 1245184K
  class space    used 21093K, committed 21696K, reserved 1048576K
}
Event: 298.161 GC heap before
{Heap before GC invocations=80 (full 0):
 garbage-first heap   total 318464K, used 287426K [0x0000000080000000, 0x0000000100000000)
  region size 1024K, 15 young (15360K), 2 survivors (2048K)
 Metaspace       used 151959K, committed 153216K, reserved 1245184K
  class space    used 21093K, committed 21696K, reserved 1048576K
}
Event: 298.165 GC heap after
{Heap after GC invocations=81 (full 0):
 garbage-first heap   total 318464K, used 276220K [0x0000000080000000, 0x0000000100000000)
  region size 1024K, 2 young (2048K), 2 survivors (2048K)
 Metaspace       used 151959K, committed 153216K, reserved 1245184K
  class space    used 21093K, committed 21696K, reserved 1048576K
}
Event: 298.233 GC heap before
{Heap before GC invocations=81 (full 0):
 garbage-first heap   total 318464K, used 288508K [0x0000000080000000, 0x0000000100000000)
  region size 1024K, 15 young (15360K), 2 survivors (2048K)
 Metaspace       used 151967K, committed 153216K, reserved 1245184K
  class space    used 21093K, committed 21696K, reserved 1048576K
}
Event: 298.241 GC heap after
{Heap after GC invocations=82 (full 0):
 garbage-first heap   total 318464K, used 279024K [0x0000000080000000, 0x0000000100000000)
  region size 1024K, 2 young (2048K), 2 survivors (2048K)
 Metaspace       used 151967K, committed 153216K, reserved 1245184K
  class space    used 21093K, committed 21696K, reserved 1048576K
}
Event: 298.448 GC heap before
{Heap before GC invocations=82 (full 0):
 garbage-first heap   total 318464K, used 291312K [0x0000000080000000, 0x0000000100000000)
  region size 1024K, 15 young (15360K), 2 survivors (2048K)
 Metaspace       used 152050K, committed 153344K, reserved 1245184K
  class space    used 21093K, committed 21696K, reserved 1048576K
}
Event: 298.450 GC heap after
{Heap after GC invocations=83 (full 0):
 garbage-first heap   total 318464K, used 278330K [0x0000000080000000, 0x0000000100000000)
  region size 1024K, 1 young (1024K), 1 survivors (1024K)
 Metaspace       used 152050K, committed 153344K, reserved 1245184K
  class space    used 21093K, committed 21696K, reserved 1048576K
}
Event: 298.713 GC heap before
{Heap before GC invocations=83 (full 0):
 garbage-first heap   total 318464K, used 292666K [0x0000000080000000, 0x0000000100000000)
  region size 1024K, 15 young (15360K), 1 survivors (1024K)
 Metaspace       used 152161K, committed 153408K, reserved 1245184K
  class space    used 21093K, committed 21696K, reserved 1048576K
}
Event: 298.716 GC heap after
{Heap after GC invocations=84 (full 0):
 garbage-first heap   total 318464K, used 279307K [0x0000000080000000, 0x0000000100000000)
  region size 1024K, 2 young (2048K), 2 survivors (2048K)
 Metaspace       used 152161K, committed 153408K, reserved 1245184K
  class space    used 21093K, committed 21696K, reserved 1048576K
}
Event: 299.243 GC heap before
{Heap before GC invocations=85 (full 0):
 garbage-first heap   total 445440K, used 278283K [0x0000000080000000, 0x0000000100000000)
  region size 1024K, 15 young (15360K), 2 survivors (2048K)
 Metaspace       used 152064K, committed 153408K, reserved 1245184K
  class space    used 21061K, committed 21696K, reserved 1048576K
}
Event: 299.246 GC heap after
{Heap after GC invocations=86 (full 0):
 garbage-first heap   total 445440K, used 265550K [0x0000000080000000, 0x0000000100000000)
  region size 1024K, 2 young (2048K), 2 survivors (2048K)
 Metaspace       used 152064K, committed 153408K, reserved 1245184K
  class space    used 21061K, committed 21696K, reserved 1048576K
}
Event: 299.409 GC heap before
{Heap before GC invocations=86 (full 0):
 garbage-first heap   total 445440K, used 283982K [0x0000000080000000, 0x0000000100000000)
  region size 1024K, 21 young (21504K), 2 survivors (2048K)
 Metaspace       used 152065K, committed 153408K, reserved 1245184K
  class space    used 21061K, committed 21696K, reserved 1048576K
}
Event: 299.423 GC heap after
{Heap after GC invocations=87 (full 0):
 garbage-first heap   total 445440K, used 240921K [0x0000000080000000, 0x0000000100000000)
  region size 1024K, 3 young (3072K), 3 survivors (3072K)
 Metaspace       used 152065K, committed 153408K, reserved 1245184K
  class space    used 21061K, committed 21696K, reserved 1048576K
}
Event: 598.267 GC heap before
{Heap before GC invocations=87 (full 0):
 garbage-first heap   total 445440K, used 351513K [0x0000000080000000, 0x0000000100000000)
  region size 1024K, 99 young (101376K), 3 survivors (3072K)
 Metaspace       used 154323K, committed 155584K, reserved 1245184K
  class space    used 21350K, committed 21952K, reserved 1048576K
}

