# JRE version: OpenJDK Runtime Environment (17.0.7) (build 17.0.7+0-b2043.56-10550314)
# Java VM: OpenJDK 64-Bit Server VM (17.0.7+0-b2043.56-10550314, mixed mode, tiered, compressed oops, compressed class ptrs, g1 gc, windows-amd64)
GC Precious Log:
 CPUs: 8 total, 8 available
 Memory: 7894M
 Large Page Support: Disabled
 NUMA Support: Disabled
 Compressed Oops: Enabled (32-bit)
 Heap Region Size: 1M
 Heap Min Capacity: 8M
 Heap Initial Capacity: 124M
 Heap Max Capacity: 2G
 Pre-touch: Disabled
 Parallel Workers: 8
 Concurrent Workers: 2
 Concurrent Refinement Workers: 8
 Periodic GC: Disabled
Heap:
 garbage-first heap   total 126976K, used 56972K [0x0000000080000000, 0x0000000100000000)
  region size 1024K, 2 young (2048K), 2 survivors (2048K)
 Metaspace       used 68558K, committed 69184K, reserved 1114112K
  class space    used 9191K, committed 9472K, reserved 1048576K
GC Heap History (20 events):
Event: 8.534 GC heap after
{Heap after GC invocations=15 (full 0):
 garbage-first heap   total 82944K, used 45947K [0x0000000080000000, 0x0000000100000000)
  region size 1024K, 4 young (4096K), 4 survivors (4096K)
 Metaspace       used 54426K, committed 54976K, reserved 1114112K
  class space    used 7312K, committed 7552K, reserved 1048576K
}
Event: 8.633 GC heap before
{Heap before GC invocations=16 (full 0):
 garbage-first heap   total 82944K, used 49019K [0x0000000080000000, 0x0000000100000000)
  region size 1024K, 7 young (7168K), 4 survivors (4096K)
 Metaspace       used 54435K, committed 54976K, reserved 1114112K
  class space    used 7314K, committed 7552K, reserved 1048576K
}
Event: 8.636 GC heap after
{Heap after GC invocations=17 (full 0):
 garbage-first heap   total 82944K, used 46852K [0x0000000080000000, 0x0000000100000000)
  region size 1024K, 2 young (2048K), 2 survivors (2048K)
 Metaspace       used 54435K, committed 54976K, reserved 1114112K
  class space    used 7314K, committed 7552K, reserved 1048576K
}
Event: 8.862 GC heap before
{Heap before GC invocations=18 (full 0):
 garbage-first heap   total 86016K, used 60164K [0x0000000080000000, 0x0000000100000000)
  region size 1024K, 14 young (14336K), 2 survivors (2048K)
 Metaspace       used 55345K, committed 55808K, reserved 1114112K
  class space    used 7425K, committed 7616K, reserved 1048576K
}
Event: 8.864 GC heap after
{Heap after GC invocations=19 (full 0):
 garbage-first heap   total 86016K, used 50107K [0x0000000080000000, 0x0000000100000000)
  region size 1024K, 2 young (2048K), 2 survivors (2048K)
 Metaspace       used 55345K, committed 55808K, reserved 1114112K
  class space    used 7425K, committed 7616K, reserved 1048576K
}
Event: 8.887 GC heap before
{Heap before GC invocations=19 (full 0):
 garbage-first heap   total 86016K, used 52155K [0x0000000080000000, 0x0000000100000000)
  region size 1024K, 4 young (4096K), 2 survivors (2048K)
 Metaspace       used 55504K, committed 56000K, reserved 1114112K
  class space    used 7452K, committed 7680K, reserved 1048576K
}
Event: 8.890 GC heap after
{Heap after GC invocations=20 (full 0):
 garbage-first heap   total 103424K, used 49409K [0x0000000080000000, 0x0000000100000000)
  region size 1024K, 1 young (1024K), 1 survivors (1024K)
 Metaspace       used 55504K, committed 56000K, reserved 1114112K
  class space    used 7452K, committed 7680K, reserved 1048576K
}
Event: 9.292 GC heap before
{Heap before GC invocations=20 (full 0):
 garbage-first heap   total 103424K, used 70913K [0x0000000080000000, 0x0000000100000000)
  region size 1024K, 22 young (22528K), 1 survivors (1024K)
 Metaspace       used 57448K, committed 57984K, reserved 1114112K
  class space    used 7738K, committed 8000K, reserved 1048576K
}
Event: 9.295 GC heap after
{Heap after GC invocations=21 (full 0):
 garbage-first heap   total 103424K, used 50005K [0x0000000080000000, 0x0000000100000000)
  region size 1024K, 1 young (1024K), 1 survivors (1024K)
 Metaspace       used 57448K, committed 57984K, reserved 1114112K
  class space    used 7738K, committed 8000K, reserved 1048576K
}
Event: 9.615 GC heap before
{Heap before GC invocations=22 (full 0):
 garbage-first heap   total 103424K, used 72533K [0x0000000080000000, 0x0000000100000000)
  region size 1024K, 24 young (24576K), 1 survivors (1024K)
 Metaspace       used 60151K, committed 60736K, reserved 1114112K
  class space    used 8052K, committed 8320K, reserved 1048576K
}
Event: 9.618 GC heap after
{Heap after GC invocations=23 (full 0):
 garbage-first heap   total 103424K, used 50584K [0x0000000080000000, 0x0000000100000000)
  region size 1024K, 2 young (2048K), 2 survivors (2048K)
 Metaspace       used 60151K, committed 60736K, reserved 1114112K
  class space    used 8052K, committed 8320K, reserved 1048576K
}
Event: 9.678 GC heap before
{Heap before GC invocations=23 (full 0):
 garbage-first heap   total 103424K, used 52632K [0x0000000080000000, 0x0000000100000000)
  region size 1024K, 5 young (5120K), 2 survivors (2048K)
 Metaspace       used 60467K, committed 60992K, reserved 1114112K
  class space    used 8091K, committed 8320K, reserved 1048576K
}
Event: 9.683 GC heap after
{Heap after GC invocations=24 (full 0):
 garbage-first heap   total 103424K, used 50128K [0x0000000080000000, 0x0000000100000000)
  region size 1024K, 1 young (1024K), 1 survivors (1024K)
 Metaspace       used 60467K, committed 60992K, reserved 1114112K
  class space    used 8091K, committed 8320K, reserved 1048576K
}
Event: 10.157 GC heap before
{Heap before GC invocations=24 (full 0):
 garbage-first heap   total 103424K, used 74704K [0x0000000080000000, 0x0000000100000000)
  region size 1024K, 25 young (25600K), 1 survivors (1024K)
 Metaspace       used 63771K, committed 64320K, reserved 1114112K
  class space    used 8566K, committed 8768K, reserved 1048576K
}
Event: 10.161 GC heap after
{Heap after GC invocations=25 (full 0):
 garbage-first heap   total 103424K, used 51240K [0x0000000080000000, 0x0000000100000000)
  region size 1024K, 2 young (2048K), 2 survivors (2048K)
 Metaspace       used 63771K, committed 64320K, reserved 1114112K
  class space    used 8566K, committed 8768K, reserved 1048576K
}
Event: 10.303 GC heap before
{Heap before GC invocations=26 (full 0):
 garbage-first heap   total 103424K, used 56360K [0x0000000080000000, 0x0000000100000000)
  region size 1024K, 9 young (9216K), 2 survivors (2048K)
 Metaspace       used 65201K, committed 65856K, reserved 1114112K
  class space    used 8727K, committed 9024K, reserved 1048576K
}
Event: 10.305 GC heap after
{Heap after GC invocations=27 (full 0):
 garbage-first heap   total 103424K, used 52562K [0x0000000080000000, 0x0000000100000000)
  region size 1024K, 3 young (3072K), 3 survivors (3072K)
 Metaspace       used 65201K, committed 65856K, reserved 1114112K
  class space    used 8727K, committed 9024K, reserved 1048576K
}
Event: 10.639 GC heap before
{Heap before GC invocations=28 (full 0):
 garbage-first heap   total 112640K, used 83282K [0x0000000080000000, 0x0000000100000000)
  region size 1024K, 28 young (28672K), 3 survivors (3072K)
 Metaspace       used 66341K, committed 66944K, reserved 1114112K
  class space    used 8882K, committed 9152K, reserved 1048576K
}
Event: 10.643 GC heap after
{Heap after GC invocations=29 (full 0):
 garbage-first heap   total 112640K, used 55265K [0x0000000080000000, 0x0000000100000000)
  region size 1024K, 4 young (4096K), 4 survivors (4096K)
 Metaspace       used 66341K, committed 66944K, reserved 1114112K
  class space    used 8882K, committed 9152K, reserved 1048576K
}
Event: 11.058 GC heap before
{Heap before GC invocations=29 (full 0):
 garbage-first heap   total 112640K, used 84961K [0x0000000080000000, 0x0000000100000000)
  region size 1024K, 33 young (33792K), 4 survivors (4096K)
 Metaspace       used 68558K, committed 69184K, reserved 1114112K
  class space    used 9191K, committed 9472K, reserved 1048576K
}

